<?xml version="1.0" encoding="UTF-8"?>
<coverage generated="1629703407332" clover="3.2.0">
  <project timestamp="1629703407332" name="All files">
    <metrics statements="135" coveredstatements="134" conditionals="34" coveredconditionals="28" methods="35" coveredmethods="35" elements="204" coveredelements="197" complexity="0" loc="135" ncloc="135" packages="2" files="10" classes="10"/>
    <package name="logic.actions">
      <metrics statements="86" coveredstatements="85" conditionals="26" coveredconditionals="20" methods="20" coveredmethods="20"/>
      <file name="addCardsToDeck.js" path="C:\Users\alper\OneDrive\Masaüstü\Solitaire\react-solitaire\src\logic\actions\addCardsToDeck.js">
        <metrics statements="11" coveredstatements="11" conditionals="4" coveredconditionals="4" methods="3" coveredmethods="3"/>
        <line num="3" count="3" type="stmt"/>
        <line num="4" count="2" type="stmt"/>
        <line num="5" count="2" type="stmt"/>
        <line num="7" count="2" type="stmt"/>
        <line num="8" count="4" type="stmt"/>
        <line num="10" count="2" type="stmt"/>
        <line num="11" count="7" type="stmt"/>
        <line num="14" count="2" type="stmt"/>
        <line num="16" count="2" type="stmt"/>
        <line num="21" count="2" type="stmt"/>
        <line num="23" count="2" type="stmt"/>
      </file>
      <file name="dealCardsFromSpare.js" path="C:\Users\alper\OneDrive\Masaüstü\Solitaire\react-solitaire\src\logic\actions\dealCardsFromSpare.js">
        <metrics statements="11" coveredstatements="11" conditionals="6" coveredconditionals="5" methods="3" coveredmethods="3"/>
        <line num="1" count="3" type="stmt"/>
        <line num="2" count="1" type="stmt"/>
        <line num="4" count="1" type="stmt"/>
        <line num="5" count="3" type="stmt"/>
        <line num="7" count="3" type="cond" truecount="1" falsecount="1"/>
        <line num="8" count="3" type="cond" truecount="2" falsecount="0"/>
        <line num="9" count="2" type="cond" truecount="2" falsecount="0"/>
        <line num="10" count="1" type="stmt"/>
        <line num="11" count="2" type="stmt"/>
        <line num="14" count="3" type="stmt"/>
        <line num="17" count="1" type="stmt"/>
      </file>
      <file name="mapHints.js" path="C:\Users\alper\OneDrive\Masaüstü\Solitaire\react-solitaire\src\logic\actions\mapHints.js">
        <metrics statements="14" coveredstatements="14" conditionals="4" coveredconditionals="4" methods="6" coveredmethods="6"/>
        <line num="1" count="3" type="stmt"/>
        <line num="2" count="6" type="stmt"/>
        <line num="3" count="1" type="stmt"/>
        <line num="5" count="1" type="stmt"/>
        <line num="6" count="6" type="stmt"/>
        <line num="7" count="36" type="cond" truecount="2" falsecount="0"/>
        <line num="8" count="6" type="stmt"/>
        <line num="10" count="36" type="stmt"/>
        <line num="12" count="6" type="stmt"/>
        <line num="15" count="1" type="stmt"/>
        <line num="16" count="6" type="cond" truecount="2" falsecount="0"/>
        <line num="17" count="4" type="stmt"/>
        <line num="22" count="2" type="stmt"/>
        <line num="24" count="6" type="stmt"/>
      </file>
      <file name="mapMoves.js" path="C:\Users\alper\OneDrive\Masaüstü\Solitaire\react-solitaire\src\logic\actions\mapMoves.js">
        <metrics statements="5" coveredstatements="5" conditionals="2" coveredconditionals="2" methods="1" coveredmethods="1"/>
        <line num="1" count="3" type="stmt"/>
        <line num="2" count="2" type="cond" truecount="2" falsecount="0"/>
        <line num="3" count="1" type="stmt"/>
        <line num="9" count="1" type="stmt"/>
        <line num="10" count="1" type="stmt"/>
      </file>
      <file name="moveClickedCards.js" path="C:\Users\alper\OneDrive\Masaüstü\Solitaire\react-solitaire\src\logic\actions\moveClickedCards.js">
        <metrics statements="3" coveredstatements="3" conditionals="0" coveredconditionals="0" methods="1" coveredmethods="1"/>
        <line num="3" count="2" type="stmt"/>
        <line num="4" count="1" type="stmt"/>
        <line num="9" count="1" type="stmt"/>
      </file>
      <file name="removeCompletedDeck.js" path="C:\Users\alper\OneDrive\Masaüstü\Solitaire\react-solitaire\src\logic\actions\removeCompletedDeck.js">
        <metrics statements="11" coveredstatements="11" conditionals="2" coveredconditionals="1" methods="2" coveredmethods="2"/>
        <line num="1" count="3" type="stmt"/>
        <line num="2" count="1" type="stmt"/>
        <line num="3" count="1" type="stmt"/>
        <line num="4" count="7" type="stmt"/>
        <line num="7" count="1" type="stmt"/>
        <line num="8" count="1" type="stmt"/>
        <line num="10" count="1" type="cond" truecount="1" falsecount="1"/>
        <line num="11" count="1" type="stmt"/>
        <line num="12" count="1" type="stmt"/>
        <line num="15" count="1" type="stmt"/>
        <line num="16" count="1" type="stmt"/>
      </file>
      <file name="removeDraggedCardsFromDeck.js" path="C:\Users\alper\OneDrive\Masaüstü\Solitaire\react-solitaire\src\logic\actions\removeDraggedCardsFromDeck.js">
        <metrics statements="13" coveredstatements="12" conditionals="4" coveredconditionals="2" methods="1" coveredmethods="1"/>
        <line num="3" count="3" type="stmt"/>
        <line num="5" count="2" type="stmt"/>
        <line num="7" count="2" type="stmt"/>
        <line num="8" count="2" type="stmt"/>
        <line num="9" count="2" type="stmt"/>
        <line num="11" count="2" type="cond" truecount="1" falsecount="1"/>
        <line num="12" count="2" type="cond" truecount="1" falsecount="1"/>
        <line num="13" count="0" type="stmt"/>
        <line num="15" count="2" type="stmt"/>
        <line num="16" count="2" type="stmt"/>
        <line num="17" count="2" type="stmt"/>
        <line num="19" count="2" type="stmt"/>
        <line num="20" count="2" type="stmt"/>
      </file>
      <file name="removeSpareDeck.js" path="C:\Users\alper\OneDrive\Masaüstü\Solitaire\react-solitaire\src\logic\actions\removeSpareDeck.js">
        <metrics statements="4" coveredstatements="4" conditionals="0" coveredconditionals="0" methods="2" coveredmethods="2"/>
        <line num="1" count="3" type="stmt"/>
        <line num="2" count="2" type="stmt"/>
        <line num="3" count="4" type="stmt"/>
        <line num="5" count="2" type="stmt"/>
      </file>
      <file name="undoMove.js" path="C:\Users\alper\OneDrive\Masaüstü\Solitaire\react-solitaire\src\logic\actions\undoMove.js">
        <metrics statements="14" coveredstatements="14" conditionals="4" coveredconditionals="2" methods="1" coveredmethods="1"/>
        <line num="3" count="2" type="stmt"/>
        <line num="4" count="1" type="stmt"/>
        <line num="5" count="1" type="stmt"/>
        <line num="6" count="1" type="stmt"/>
        <line num="8" count="1" type="cond" truecount="1" falsecount="1"/>
        <line num="9" count="1" type="cond" truecount="1" falsecount="1"/>
        <line num="10" count="1" type="stmt"/>
        <line num="11" count="1" type="stmt"/>
        <line num="12" count="1" type="stmt"/>
        <line num="14" count="1" type="stmt"/>
        <line num="17" count="1" type="stmt"/>
        <line num="23" count="1" type="stmt"/>
        <line num="24" count="1" type="stmt"/>
        <line num="26" count="1" type="stmt"/>
      </file>
    </package>
    <package name="utils">
      <metrics statements="49" coveredstatements="49" conditionals="8" coveredconditionals="8" methods="15" coveredmethods="15"/>
      <file name="helpers.js" path="C:\Users\alper\OneDrive\Masaüstü\Solitaire\react-solitaire\src\utils\helpers.js">
        <metrics statements="49" coveredstatements="49" conditionals="8" coveredconditionals="8" methods="15" coveredmethods="15"/>
        <line num="5" count="9" type="stmt"/>
        <line num="6" count="2" type="stmt"/>
        <line num="8" count="2" type="stmt"/>
        <line num="9" count="2" type="stmt"/>
        <line num="10" count="16" type="stmt"/>
        <line num="12" count="2" type="stmt"/>
        <line num="14" count="2" type="stmt"/>
        <line num="17" count="9" type="stmt"/>
        <line num="18" count="2" type="stmt"/>
        <line num="20" count="2" type="stmt"/>
        <line num="21" count="8" type="stmt"/>
        <line num="24" count="2" type="stmt"/>
        <line num="25" count="2" type="stmt"/>
        <line num="27" count="9" type="stmt"/>
        <line num="28" count="2" type="stmt"/>
        <line num="29" count="2" type="stmt"/>
        <line num="31" count="2" type="stmt"/>
        <line num="32" count="2" type="stmt"/>
        <line num="34" count="2" type="stmt"/>
        <line num="37" count="9" type="stmt"/>
        <line num="38" count="4" type="stmt"/>
        <line num="39" count="30" type="stmt"/>
        <line num="40" count="208" type="cond" truecount="2" falsecount="0"/>
        <line num="41" count="208" type="stmt"/>
        <line num="49" count="4" type="stmt"/>
        <line num="52" count="9" type="stmt"/>
        <line num="53" count="13" type="stmt"/>
        <line num="54" count="8" type="stmt"/>
        <line num="55" count="25" type="stmt"/>
        <line num="57" count="8" type="stmt"/>
        <line num="61" count="8" type="stmt"/>
        <line num="64" count="9" type="stmt"/>
        <line num="65" count="2" type="stmt"/>
        <line num="68" count="2" type="stmt"/>
        <line num="69" count="4" type="cond" truecount="2" falsecount="0"/>
        <line num="70" count="3" type="cond" truecount="2" falsecount="0"/>
        <line num="71" count="2" type="stmt"/>
        <line num="74" count="2" type="stmt"/>
        <line num="75" count="2" type="stmt"/>
        <line num="76" count="2" type="stmt"/>
        <line num="79" count="9" type="stmt"/>
        <line num="80" count="4" type="stmt"/>
        <line num="81" count="10" type="stmt"/>
        <line num="82" count="4" type="stmt"/>
        <line num="83" count="17" type="stmt"/>
        <line num="85" count="4" type="stmt"/>
        <line num="88" count="9" type="stmt"/>
        <line num="89" count="3" type="stmt"/>
        <line num="90" count="3" type="cond" truecount="2" falsecount="0"/>
      </file>
    </package>
  </project>
</coverage>
