{"C:\\Users\\alper\\OneDrive\\Masaüstü\\Solitaire\\react-solitaire\\src\\logic\\actions\\addCardsToDeck.js": {"path":"C:\\Users\\alper\\OneDrive\\Masaüstü\\Solitaire\\react-solitaire\\src\\logic\\actions\\addCardsToDeck.js","statementMap":{"0":{"start":{"line":3,"column":30},"end":{"line":32,"column":1}},"1":{"start":{"line":4,"column":19},"end":{"line":4,"column":31}},"2":{"start":{"line":5,"column":23},"end":{"line":5,"column":54}},"3":{"start":{"line":7,"column":26},"end":{"line":9,"column":3}},"4":{"start":{"line":8,"column":4},"end":{"line":8,"column":34}},"5":{"start":{"line":10,"column":28},"end":{"line":12,"column":3}},"6":{"start":{"line":11,"column":14},"end":{"line":11,"column":33}},"7":{"start":{"line":14,"column":23},"end":{"line":14,"column":71}},"8":{"start":{"line":16,"column":27},"end":{"line":19,"column":3}},"9":{"start":{"line":21,"column":2},"end":{"line":21,"column":64}},"10":{"start":{"line":23,"column":2},"end":{"line":31,"column":4}}},"fnMap":{"0":{"name":"(anonymous_0)","decl":{"start":{"line":3,"column":30},"end":{"line":3,"column":31}},"loc":{"start":{"line":3,"column":64},"end":{"line":32,"column":1}},"line":3},"1":{"name":"(anonymous_1)","decl":{"start":{"line":7,"column":45},"end":{"line":7,"column":46}},"loc":{"start":{"line":8,"column":4},"end":{"line":8,"column":34}},"line":8},"2":{"name":"(anonymous_2)","decl":{"start":{"line":11,"column":4},"end":{"line":11,"column":5}},"loc":{"start":{"line":11,"column":14},"end":{"line":11,"column":33}},"line":11}},"branchMap":{"0":{"loc":{"start":{"line":17,"column":12},"end":{"line":17,"column":54}},"type":"cond-expr","locations":[{"start":{"line":17,"column":27},"end":{"line":17,"column":46}},{"start":{"line":17,"column":49},"end":{"line":17,"column":54}}],"line":17},"1":{"loc":{"start":{"line":18,"column":17},"end":{"line":18,"column":64}},"type":"cond-expr","locations":[{"start":{"line":18,"column":32},"end":{"line":18,"column":56}},{"start":{"line":18,"column":59},"end":{"line":18,"column":64}}],"line":18}},"s":{"0":3,"1":2,"2":2,"3":2,"4":4,"5":2,"6":7,"7":2,"8":2,"9":2,"10":2},"f":{"0":2,"1":4,"2":7},"b":{"0":[1,1],"1":[1,1]},"_coverageSchema":"1a1c01bbd47fc00a2c39e90264f33305004495a9","hash":"a8bad1b7c8eeae5263173e0de751418e2af6d2e5"}
,"C:\\Users\\alper\\OneDrive\\Masaüstü\\Solitaire\\react-solitaire\\src\\logic\\actions\\dealCardsFromSpare.js": {"path":"C:\\Users\\alper\\OneDrive\\Masaüstü\\Solitaire\\react-solitaire\\src\\logic\\actions\\dealCardsFromSpare.js","statementMap":{"0":{"start":{"line":1,"column":34},"end":{"line":18,"column":5}},"1":{"start":{"line":2,"column":23},"end":{"line":2,"column":36}},"2":{"start":{"line":4,"column":6},"end":{"line":16,"column":9}},"3":{"start":{"line":5,"column":27},"end":{"line":5,"column":38}},"4":{"start":{"line":7,"column":8},"end":{"line":15,"column":9}},"5":{"start":{"line":8,"column":10},"end":{"line":13,"column":11}},"6":{"start":{"line":9,"column":12},"end":{"line":12,"column":13}},"7":{"start":{"line":10,"column":14},"end":{"line":10,"column":41}},"8":{"start":{"line":11,"column":14},"end":{"line":11,"column":68}},"9":{"start":{"line":11,"column":41},"end":{"line":11,"column":65}},"10":{"start":{"line":14,"column":10},"end":{"line":14,"column":35}},"11":{"start":{"line":17,"column":6},"end":{"line":17,"column":22}}},"fnMap":{"0":{"name":"(anonymous_0)","decl":{"start":{"line":1,"column":34},"end":{"line":1,"column":35}},"loc":{"start":{"line":1,"column":59},"end":{"line":18,"column":5}},"line":1},"1":{"name":"(anonymous_1)","decl":{"start":{"line":4,"column":23},"end":{"line":4,"column":24}},"loc":{"start":{"line":4,"column":43},"end":{"line":16,"column":7}},"line":4},"2":{"name":"(anonymous_2)","decl":{"start":{"line":11,"column":30},"end":{"line":11,"column":31}},"loc":{"start":{"line":11,"column":41},"end":{"line":11,"column":65}},"line":11}},"branchMap":{"0":{"loc":{"start":{"line":7,"column":8},"end":{"line":15,"column":9}},"type":"if","locations":[{"start":{"line":7,"column":8},"end":{"line":15,"column":9}},{"start":{"line":7,"column":8},"end":{"line":15,"column":9}}],"line":7},"1":{"loc":{"start":{"line":8,"column":10},"end":{"line":13,"column":11}},"type":"if","locations":[{"start":{"line":8,"column":10},"end":{"line":13,"column":11}},{"start":{"line":8,"column":10},"end":{"line":13,"column":11}}],"line":8},"2":{"loc":{"start":{"line":9,"column":12},"end":{"line":12,"column":13}},"type":"if","locations":[{"start":{"line":9,"column":12},"end":{"line":12,"column":13}},{"start":{"line":9,"column":12},"end":{"line":12,"column":13}}],"line":9}},"s":{"0":3,"1":1,"2":1,"3":3,"4":3,"5":3,"6":2,"7":1,"8":1,"9":2,"10":3,"11":1},"f":{"0":1,"1":3,"2":2},"b":{"0":[3,0],"1":[2,1],"2":[1,1]},"_coverageSchema":"1a1c01bbd47fc00a2c39e90264f33305004495a9","hash":"5e3d7dae9428855ef9b9b5bc5f2f26777d18191c"}
,"C:\\Users\\alper\\OneDrive\\Masaüstü\\Solitaire\\react-solitaire\\src\\logic\\actions\\mapHints.js": {"path":"C:\\Users\\alper\\OneDrive\\Masaüstü\\Solitaire\\react-solitaire\\src\\logic\\actions\\mapHints.js","statementMap":{"0":{"start":{"line":1,"column":24},"end":{"line":25,"column":1}},"1":{"start":{"line":2,"column":22},"end":{"line":2,"column":79}},"2":{"start":{"line":2,"column":50},"end":{"line":2,"column":78}},"3":{"start":{"line":3,"column":18},"end":{"line":3,"column":20}},"4":{"start":{"line":5,"column":4},"end":{"line":13,"column":7}},"5":{"start":{"line":6,"column":21},"end":{"line":11,"column":12}},"6":{"start":{"line":7,"column":8},"end":{"line":9,"column":9}},"7":{"start":{"line":8,"column":10},"end":{"line":8,"column":26}},"8":{"start":{"line":10,"column":8},"end":{"line":10,"column":19}},"9":{"start":{"line":12,"column":6},"end":{"line":12,"column":25}},"10":{"start":{"line":15,"column":24},"end":{"line":23,"column":6}},"11":{"start":{"line":16,"column":6},"end":{"line":22,"column":22}},"12":{"start":{"line":17,"column":8},"end":{"line":20,"column":9}},"13":{"start":{"line":22,"column":11},"end":{"line":22,"column":22}},"14":{"start":{"line":24,"column":4},"end":{"line":24,"column":52}},"15":{"start":{"line":24,"column":42},"end":{"line":24,"column":50}}},"fnMap":{"0":{"name":"(anonymous_0)","decl":{"start":{"line":1,"column":24},"end":{"line":1,"column":25}},"loc":{"start":{"line":1,"column":43},"end":{"line":25,"column":1}},"line":1},"1":{"name":"(anonymous_1)","decl":{"start":{"line":2,"column":40},"end":{"line":2,"column":41}},"loc":{"start":{"line":2,"column":50},"end":{"line":2,"column":78}},"line":2},"2":{"name":"(anonymous_2)","decl":{"start":{"line":5,"column":22},"end":{"line":5,"column":23}},"loc":{"start":{"line":5,"column":33},"end":{"line":13,"column":5}},"line":5},"3":{"name":"(anonymous_3)","decl":{"start":{"line":6,"column":38},"end":{"line":6,"column":39}},"loc":{"start":{"line":6,"column":63},"end":{"line":11,"column":7}},"line":6},"4":{"name":"(anonymous_4)","decl":{"start":{"line":15,"column":34},"end":{"line":15,"column":35}},"loc":{"start":{"line":15,"column":52},"end":{"line":23,"column":5}},"line":15},"5":{"name":"(anonymous_5)","decl":{"start":{"line":24,"column":30},"end":{"line":24,"column":31}},"loc":{"start":{"line":24,"column":42},"end":{"line":24,"column":50}},"line":24}},"branchMap":{"0":{"loc":{"start":{"line":7,"column":8},"end":{"line":9,"column":9}},"type":"if","locations":[{"start":{"line":7,"column":8},"end":{"line":9,"column":9}},{"start":{"line":7,"column":8},"end":{"line":9,"column":9}}],"line":7},"1":{"loc":{"start":{"line":16,"column":6},"end":{"line":22,"column":22}},"type":"if","locations":[{"start":{"line":16,"column":6},"end":{"line":22,"column":22}},{"start":{"line":16,"column":6},"end":{"line":22,"column":22}}],"line":16}},"s":{"0":3,"1":1,"2":6,"3":1,"4":1,"5":6,"6":36,"7":6,"8":36,"9":6,"10":1,"11":6,"12":4,"13":2,"14":1,"15":6},"f":{"0":1,"1":6,"2":6,"3":36,"4":6,"5":6},"b":{"0":[6,30],"1":[4,2]},"_coverageSchema":"1a1c01bbd47fc00a2c39e90264f33305004495a9","hash":"300d4dc3731698c3aa66172be96960c89bcf8c3b"}
,"C:\\Users\\alper\\OneDrive\\Masaüstü\\Solitaire\\react-solitaire\\src\\logic\\actions\\mapMoves.js": {"path":"C:\\Users\\alper\\OneDrive\\Masaüstü\\Solitaire\\react-solitaire\\src\\logic\\actions\\mapMoves.js","statementMap":{"0":{"start":{"line":1,"column":24},"end":{"line":11,"column":7}},"1":{"start":{"line":2,"column":8},"end":{"line":10,"column":36}},"2":{"start":{"line":3,"column":23},"end":{"line":8,"column":11}},"3":{"start":{"line":9,"column":10},"end":{"line":9,"column":41}},"4":{"start":{"line":10,"column":15},"end":{"line":10,"column":36}}},"fnMap":{"0":{"name":"(anonymous_0)","decl":{"start":{"line":1,"column":24},"end":{"line":1,"column":25}},"loc":{"start":{"line":1,"column":88},"end":{"line":11,"column":7}},"line":1}},"branchMap":{"0":{"loc":{"start":{"line":2,"column":8},"end":{"line":10,"column":36}},"type":"if","locations":[{"start":{"line":2,"column":8},"end":{"line":10,"column":36}},{"start":{"line":2,"column":8},"end":{"line":10,"column":36}}],"line":2}},"s":{"0":3,"1":2,"2":1,"3":1,"4":1},"f":{"0":2},"b":{"0":[1,1]},"_coverageSchema":"1a1c01bbd47fc00a2c39e90264f33305004495a9","hash":"2890ee7f459e826dc0ecfcc040a35d77ffcc3e80"}
,"C:\\Users\\alper\\OneDrive\\Masaüstü\\Solitaire\\react-solitaire\\src\\logic\\actions\\moveClickedCards.js": {"path":"C:\\Users\\alper\\OneDrive\\Masaüstü\\Solitaire\\react-solitaire\\src\\logic\\actions\\moveClickedCards.js","statementMap":{"0":{"start":{"line":3,"column":32},"end":{"line":13,"column":1}},"1":{"start":{"line":4,"column":29},"end":{"line":8,"column":3}},"2":{"start":{"line":9,"column":2},"end":{"line":12,"column":4}}},"fnMap":{"0":{"name":"(anonymous_0)","decl":{"start":{"line":3,"column":32},"end":{"line":3,"column":33}},"loc":{"start":{"line":3,"column":62},"end":{"line":13,"column":1}},"line":3}},"branchMap":{},"s":{"0":2,"1":1,"2":1},"f":{"0":1},"b":{},"_coverageSchema":"1a1c01bbd47fc00a2c39e90264f33305004495a9","hash":"b531656cc935805f4c5470b50b4e207e5c97abdf"}
,"C:\\Users\\alper\\OneDrive\\Masaüstü\\Solitaire\\react-solitaire\\src\\logic\\actions\\removeCompletedDeck.js": {"path":"C:\\Users\\alper\\OneDrive\\Masaüstü\\Solitaire\\react-solitaire\\src\\logic\\actions\\removeCompletedDeck.js","statementMap":{"0":{"start":{"line":1,"column":35},"end":{"line":17,"column":5}},"1":{"start":{"line":2,"column":23},"end":{"line":2,"column":36}},"2":{"start":{"line":3,"column":28},"end":{"line":5,"column":7}},"3":{"start":{"line":4,"column":18},"end":{"line":4,"column":50}},"4":{"start":{"line":7,"column":24},"end":{"line":7,"column":48}},"5":{"start":{"line":8,"column":23},"end":{"line":8,"column":47}},"6":{"start":{"line":10,"column":6},"end":{"line":13,"column":7}},"7":{"start":{"line":11,"column":8},"end":{"line":11,"column":31}},"8":{"start":{"line":12,"column":8},"end":{"line":12,"column":36}},"9":{"start":{"line":15,"column":6},"end":{"line":15,"column":39}},"10":{"start":{"line":16,"column":6},"end":{"line":16,"column":22}}},"fnMap":{"0":{"name":"(anonymous_0)","decl":{"start":{"line":1,"column":35},"end":{"line":1,"column":36}},"loc":{"start":{"line":1,"column":77},"end":{"line":17,"column":5}},"line":1},"1":{"name":"(anonymous_1)","decl":{"start":{"line":4,"column":8},"end":{"line":4,"column":9}},"loc":{"start":{"line":4,"column":18},"end":{"line":4,"column":50}},"line":4}},"branchMap":{"0":{"loc":{"start":{"line":10,"column":6},"end":{"line":13,"column":7}},"type":"if","locations":[{"start":{"line":10,"column":6},"end":{"line":13,"column":7}},{"start":{"line":10,"column":6},"end":{"line":13,"column":7}}],"line":10}},"s":{"0":3,"1":1,"2":1,"3":7,"4":1,"5":1,"6":1,"7":1,"8":1,"9":1,"10":1},"f":{"0":1,"1":7},"b":{"0":[1,0]},"_coverageSchema":"1a1c01bbd47fc00a2c39e90264f33305004495a9","hash":"af4945624a0ddcaf4e44eaa77fb8a9ff1c057b21"}
,"C:\\Users\\alper\\OneDrive\\Masaüstü\\Solitaire\\react-solitaire\\src\\logic\\actions\\removeDraggedCardsFromDeck.js": {"path":"C:\\Users\\alper\\OneDrive\\Masaüstü\\Solitaire\\react-solitaire\\src\\logic\\actions\\removeDraggedCardsFromDeck.js","statementMap":{"0":{"start":{"line":3,"column":42},"end":{"line":21,"column":5}},"1":{"start":{"line":5,"column":23},"end":{"line":5,"column":35}},"2":{"start":{"line":7,"column":28},"end":{"line":7,"column":44}},"3":{"start":{"line":8,"column":27},"end":{"line":8,"column":76}},"4":{"start":{"line":9,"column":23},"end":{"line":9,"column":44}},"5":{"start":{"line":11,"column":6},"end":{"line":18,"column":7}},"6":{"start":{"line":12,"column":8},"end":{"line":14,"column":9}},"7":{"start":{"line":13,"column":10},"end":{"line":13,"column":61}},"8":{"start":{"line":15,"column":8},"end":{"line":15,"column":43}},"9":{"start":{"line":16,"column":8},"end":{"line":16,"column":53}},"10":{"start":{"line":17,"column":8},"end":{"line":17,"column":58}},"11":{"start":{"line":19,"column":6},"end":{"line":19,"column":40}},"12":{"start":{"line":20,"column":6},"end":{"line":20,"column":22}}},"fnMap":{"0":{"name":"(anonymous_0)","decl":{"start":{"line":3,"column":42},"end":{"line":3,"column":43}},"loc":{"start":{"line":3,"column":74},"end":{"line":21,"column":5}},"line":3}},"branchMap":{"0":{"loc":{"start":{"line":11,"column":6},"end":{"line":18,"column":7}},"type":"if","locations":[{"start":{"line":11,"column":6},"end":{"line":18,"column":7}},{"start":{"line":11,"column":6},"end":{"line":18,"column":7}}],"line":11},"1":{"loc":{"start":{"line":12,"column":8},"end":{"line":14,"column":9}},"type":"if","locations":[{"start":{"line":12,"column":8},"end":{"line":14,"column":9}},{"start":{"line":12,"column":8},"end":{"line":14,"column":9}}],"line":12}},"s":{"0":3,"1":2,"2":2,"3":2,"4":2,"5":2,"6":2,"7":0,"8":2,"9":2,"10":2,"11":2,"12":2},"f":{"0":2},"b":{"0":[2,0],"1":[0,2]},"_coverageSchema":"1a1c01bbd47fc00a2c39e90264f33305004495a9","hash":"9b3b5e3291d00e336191a82c3314fc30ad77c35f"}
,"C:\\Users\\alper\\OneDrive\\Masaüstü\\Solitaire\\react-solitaire\\src\\logic\\actions\\removeSpareDeck.js": {"path":"C:\\Users\\alper\\OneDrive\\Masaüstü\\Solitaire\\react-solitaire\\src\\logic\\actions\\removeSpareDeck.js","statementMap":{"0":{"start":{"line":1,"column":31},"end":{"line":6,"column":5}},"1":{"start":{"line":2,"column":23},"end":{"line":4,"column":8}},"2":{"start":{"line":3,"column":8},"end":{"line":3,"column":28}},"3":{"start":{"line":5,"column":6},"end":{"line":5,"column":22}}},"fnMap":{"0":{"name":"(anonymous_0)","decl":{"start":{"line":1,"column":31},"end":{"line":1,"column":32}},"loc":{"start":{"line":1,"column":50},"end":{"line":6,"column":5}},"line":1},"1":{"name":"(anonymous_1)","decl":{"start":{"line":2,"column":40},"end":{"line":2,"column":41}},"loc":{"start":{"line":2,"column":60},"end":{"line":4,"column":7}},"line":2}},"branchMap":{},"s":{"0":3,"1":2,"2":4,"3":2},"f":{"0":2,"1":4},"b":{},"_coverageSchema":"1a1c01bbd47fc00a2c39e90264f33305004495a9","hash":"9655301249bf805997f8f857845a06fed5882bb3"}
,"C:\\Users\\alper\\OneDrive\\Masaüstü\\Solitaire\\react-solitaire\\src\\logic\\actions\\undoMove.js": {"path":"C:\\Users\\alper\\OneDrive\\Masaüstü\\Solitaire\\react-solitaire\\src\\logic\\actions\\undoMove.js","statementMap":{"0":{"start":{"line":3,"column":24},"end":{"line":30,"column":1}},"1":{"start":{"line":4,"column":51},"end":{"line":4,"column":70}},"2":{"start":{"line":5,"column":23},"end":{"line":5,"column":42}},"3":{"start":{"line":6,"column":27},"end":{"line":6,"column":50}},"4":{"start":{"line":8,"column":2},"end":{"line":15,"column":3}},"5":{"start":{"line":9,"column":4},"end":{"line":13,"column":5}},"6":{"start":{"line":10,"column":26},"end":{"line":10,"column":56}},"7":{"start":{"line":11,"column":6},"end":{"line":11,"column":47}},"8":{"start":{"line":12,"column":6},"end":{"line":12,"column":57}},"9":{"start":{"line":14,"column":4},"end":{"line":14,"column":39}},"10":{"start":{"line":17,"column":23},"end":{"line":21,"column":3}},"11":{"start":{"line":23,"column":19},"end":{"line":23,"column":24}},"12":{"start":{"line":24,"column":2},"end":{"line":24,"column":17}},"13":{"start":{"line":26,"column":2},"end":{"line":29,"column":4}}},"fnMap":{"0":{"name":"(anonymous_0)","decl":{"start":{"line":3,"column":24},"end":{"line":3,"column":25}},"loc":{"start":{"line":3,"column":50},"end":{"line":30,"column":1}},"line":3}},"branchMap":{"0":{"loc":{"start":{"line":8,"column":2},"end":{"line":15,"column":3}},"type":"if","locations":[{"start":{"line":8,"column":2},"end":{"line":15,"column":3}},{"start":{"line":8,"column":2},"end":{"line":15,"column":3}}],"line":8},"1":{"loc":{"start":{"line":9,"column":4},"end":{"line":13,"column":5}},"type":"if","locations":[{"start":{"line":9,"column":4},"end":{"line":13,"column":5}},{"start":{"line":9,"column":4},"end":{"line":13,"column":5}}],"line":9}},"s":{"0":2,"1":1,"2":1,"3":1,"4":1,"5":1,"6":1,"7":1,"8":1,"9":1,"10":1,"11":1,"12":1,"13":1},"f":{"0":1},"b":{"0":[1,0],"1":[1,0]},"_coverageSchema":"1a1c01bbd47fc00a2c39e90264f33305004495a9","hash":"56512cf7f265851790845ccb92db0a3de3cb9f1d"}
,"C:\\Users\\alper\\OneDrive\\Masaüstü\\Solitaire\\react-solitaire\\src\\utils\\helpers.js": {"path":"C:\\Users\\alper\\OneDrive\\Masaüstü\\Solitaire\\react-solitaire\\src\\utils\\helpers.js","statementMap":{"0":{"start":{"line":5,"column":31},"end":{"line":15,"column":1}},"1":{"start":{"line":6,"column":26},"end":{"line":6,"column":50}},"2":{"start":{"line":8,"column":19},"end":{"line":8,"column":21}},"3":{"start":{"line":9,"column":2},"end":{"line":11,"column":3}},"4":{"start":{"line":9,"column":15},"end":{"line":9,"column":16}},"5":{"start":{"line":10,"column":4},"end":{"line":10,"column":52}},"6":{"start":{"line":12,"column":38},"end":{"line":12,"column":61}},"7":{"start":{"line":14,"column":2},"end":{"line":14,"column":37}},"8":{"start":{"line":17,"column":25},"end":{"line":26,"column":1}},"9":{"start":{"line":18,"column":16},"end":{"line":18,"column":39}},"10":{"start":{"line":20,"column":2},"end":{"line":22,"column":5}},"11":{"start":{"line":21,"column":4},"end":{"line":21,"column":28}},"12":{"start":{"line":24,"column":22},"end":{"line":24,"column":53}},"13":{"start":{"line":25,"column":2},"end":{"line":25,"column":21}},"14":{"start":{"line":27,"column":20},"end":{"line":35,"column":1}},"15":{"start":{"line":28,"column":24},"end":{"line":28,"column":45}},"16":{"start":{"line":29,"column":52},"end":{"line":29,"column":78}},"17":{"start":{"line":31,"column":24},"end":{"line":31,"column":68}},"18":{"start":{"line":32,"column":21},"end":{"line":32,"column":70}},"19":{"start":{"line":34,"column":2},"end":{"line":34,"column":37}},"20":{"start":{"line":37,"column":26},"end":{"line":50,"column":1}},"21":{"start":{"line":38,"column":22},"end":{"line":48,"column":3}},"22":{"start":{"line":39,"column":4},"end":{"line":47,"column":6}},"23":{"start":{"line":40,"column":25},"end":{"line":40,"column":61}},"24":{"start":{"line":41,"column":6},"end":{"line":46,"column":8}},"25":{"start":{"line":49,"column":2},"end":{"line":49,"column":21}},"26":{"start":{"line":52,"column":31},"end":{"line":62,"column":1}},"27":{"start":{"line":53,"column":24},"end":{"line":53,"column":65}},"28":{"start":{"line":53,"column":45},"end":{"line":53,"column":64}},"29":{"start":{"line":54,"column":27},"end":{"line":56,"column":3}},"30":{"start":{"line":55,"column":22},"end":{"line":55,"column":49}},"31":{"start":{"line":57,"column":23},"end":{"line":60,"column":3}},"32":{"start":{"line":61,"column":2},"end":{"line":61,"column":22}},"33":{"start":{"line":64,"column":27},"end":{"line":77,"column":1}},"34":{"start":{"line":65,"column":24},"end":{"line":67,"column":14}},"35":{"start":{"line":68,"column":2},"end":{"line":73,"column":3}},"36":{"start":{"line":68,"column":15},"end":{"line":68,"column":16}},"37":{"start":{"line":69,"column":4},"end":{"line":69,"column":41}},"38":{"start":{"line":69,"column":35},"end":{"line":69,"column":41}},"39":{"start":{"line":70,"column":4},"end":{"line":72,"column":5}},"40":{"start":{"line":71,"column":6},"end":{"line":71,"column":42}},"41":{"start":{"line":74,"column":2},"end":{"line":74,"column":26}},"42":{"start":{"line":75,"column":2},"end":{"line":75,"column":24}},"43":{"start":{"line":76,"column":2},"end":{"line":76,"column":23}},"44":{"start":{"line":79,"column":34},"end":{"line":86,"column":1}},"45":{"start":{"line":80,"column":23},"end":{"line":80,"column":54}},"46":{"start":{"line":81,"column":25},"end":{"line":81,"column":60}},"47":{"start":{"line":81,"column":52},"end":{"line":81,"column":59}},"48":{"start":{"line":82,"column":25},"end":{"line":84,"column":3}},"49":{"start":{"line":83,"column":14},"end":{"line":83,"column":47}},"50":{"start":{"line":85,"column":2},"end":{"line":85,"column":24}},"51":{"start":{"line":88,"column":25},"end":{"line":91,"column":1}},"52":{"start":{"line":89,"column":21},"end":{"line":89,"column":42}},"53":{"start":{"line":90,"column":2},"end":{"line":90,"column":66}}},"fnMap":{"0":{"name":"(anonymous_0)","decl":{"start":{"line":5,"column":31},"end":{"line":5,"column":32}},"loc":{"start":{"line":5,"column":37},"end":{"line":15,"column":1}},"line":5},"1":{"name":"(anonymous_1)","decl":{"start":{"line":17,"column":25},"end":{"line":17,"column":26}},"loc":{"start":{"line":17,"column":57},"end":{"line":26,"column":1}},"line":17},"2":{"name":"(anonymous_2)","decl":{"start":{"line":20,"column":24},"end":{"line":20,"column":25}},"loc":{"start":{"line":20,"column":41},"end":{"line":22,"column":3}},"line":20},"3":{"name":"(anonymous_3)","decl":{"start":{"line":27,"column":20},"end":{"line":27,"column":21}},"loc":{"start":{"line":27,"column":36},"end":{"line":35,"column":1}},"line":27},"4":{"name":"(anonymous_4)","decl":{"start":{"line":37,"column":26},"end":{"line":37,"column":27}},"loc":{"start":{"line":37,"column":46},"end":{"line":50,"column":1}},"line":37},"5":{"name":"(anonymous_5)","decl":{"start":{"line":38,"column":32},"end":{"line":38,"column":33}},"loc":{"start":{"line":39,"column":4},"end":{"line":47,"column":6}},"line":39},"6":{"name":"(anonymous_6)","decl":{"start":{"line":39,"column":13},"end":{"line":39,"column":14}},"loc":{"start":{"line":39,"column":30},"end":{"line":47,"column":5}},"line":39},"7":{"name":"(anonymous_7)","decl":{"start":{"line":52,"column":31},"end":{"line":52,"column":32}},"loc":{"start":{"line":52,"column":48},"end":{"line":62,"column":1}},"line":52},"8":{"name":"(anonymous_8)","decl":{"start":{"line":53,"column":35},"end":{"line":53,"column":36}},"loc":{"start":{"line":53,"column":45},"end":{"line":53,"column":64}},"line":53},"9":{"name":"(anonymous_9)","decl":{"start":{"line":55,"column":4},"end":{"line":55,"column":5}},"loc":{"start":{"line":55,"column":22},"end":{"line":55,"column":49}},"line":55},"10":{"name":"(anonymous_10)","decl":{"start":{"line":64,"column":27},"end":{"line":64,"column":28}},"loc":{"start":{"line":64,"column":52},"end":{"line":77,"column":1}},"line":64},"11":{"name":"(anonymous_11)","decl":{"start":{"line":79,"column":34},"end":{"line":79,"column":35}},"loc":{"start":{"line":79,"column":69},"end":{"line":86,"column":1}},"line":79},"12":{"name":"(anonymous_12)","decl":{"start":{"line":81,"column":42},"end":{"line":81,"column":43}},"loc":{"start":{"line":81,"column":52},"end":{"line":81,"column":59}},"line":81},"13":{"name":"(anonymous_13)","decl":{"start":{"line":83,"column":4},"end":{"line":83,"column":5}},"loc":{"start":{"line":83,"column":14},"end":{"line":83,"column":47}},"line":83},"14":{"name":"(anonymous_14)","decl":{"start":{"line":88,"column":25},"end":{"line":88,"column":26}},"loc":{"start":{"line":88,"column":41},"end":{"line":91,"column":1}},"line":88}},"branchMap":{"0":{"loc":{"start":{"line":40,"column":25},"end":{"line":40,"column":61}},"type":"binary-expr","locations":[{"start":{"line":40,"column":25},"end":{"line":40,"column":32}},{"start":{"line":40,"column":36},"end":{"line":40,"column":61}}],"line":40},"1":{"loc":{"start":{"line":69,"column":4},"end":{"line":69,"column":41}},"type":"if","locations":[{"start":{"line":69,"column":4},"end":{"line":69,"column":41}},{"start":{"line":69,"column":4},"end":{"line":69,"column":41}}],"line":69},"2":{"loc":{"start":{"line":70,"column":4},"end":{"line":72,"column":5}},"type":"if","locations":[{"start":{"line":70,"column":4},"end":{"line":72,"column":5}},{"start":{"line":70,"column":4},"end":{"line":72,"column":5}}],"line":70},"3":{"loc":{"start":{"line":90,"column":9},"end":{"line":90,"column":65}},"type":"binary-expr","locations":[{"start":{"line":90,"column":9},"end":{"line":90,"column":26}},{"start":{"line":90,"column":30},"end":{"line":90,"column":65}}],"line":90}},"s":{"0":9,"1":2,"2":2,"3":2,"4":2,"5":16,"6":2,"7":2,"8":9,"9":2,"10":2,"11":8,"12":2,"13":2,"14":9,"15":2,"16":2,"17":2,"18":2,"19":2,"20":9,"21":4,"22":30,"23":208,"24":208,"25":4,"26":9,"27":8,"28":13,"29":8,"30":25,"31":8,"32":8,"33":9,"34":2,"35":2,"36":2,"37":4,"38":1,"39":3,"40":2,"41":2,"42":2,"43":2,"44":9,"45":4,"46":4,"47":10,"48":4,"49":17,"50":4,"51":9,"52":3,"53":3},"f":{"0":2,"1":2,"2":8,"3":2,"4":4,"5":30,"6":208,"7":8,"8":13,"9":25,"10":2,"11":4,"12":10,"13":17,"14":3},"b":{"0":[208,108],"1":[1,3],"2":[2,1],"3":[3,2]},"_coverageSchema":"1a1c01bbd47fc00a2c39e90264f33305004495a9","hash":"fe2a33ff8155f8ff5691b3c0ba58332c6888d653"}
}
