TN:
SF:src\logic\actions\addCardsToDeck.js
FN:3,(anonymous_0)
FN:7,(anonymous_1)
FN:11,(anonymous_2)
FNF:3
FNH:3
FNDA:2,(anonymous_0)
FNDA:4,(anonymous_1)
FNDA:7,(anonymous_2)
DA:3,3
DA:4,2
DA:5,2
DA:7,2
DA:8,4
DA:10,2
DA:11,7
DA:14,2
DA:16,2
DA:21,2
DA:23,2
LF:11
LH:11
BRDA:17,0,0,1
BRDA:17,0,1,1
BRDA:18,1,0,1
BRDA:18,1,1,1
BRF:4
BRH:4
end_of_record
TN:
SF:src\logic\actions\dealCardsFromSpare.js
FN:1,(anonymous_0)
FN:4,(anonymous_1)
FN:11,(anonymous_2)
FNF:3
FNH:3
FNDA:1,(anonymous_0)
FNDA:3,(anonymous_1)
FNDA:2,(anonymous_2)
DA:1,3
DA:2,1
DA:4,1
DA:5,3
DA:7,3
DA:8,3
DA:9,2
DA:10,1
DA:11,2
DA:14,3
DA:17,1
LF:11
LH:11
BRDA:7,0,0,3
BRDA:7,0,1,0
BRDA:8,1,0,2
BRDA:8,1,1,1
BRDA:9,2,0,1
BRDA:9,2,1,1
BRF:6
BRH:5
end_of_record
TN:
SF:src\logic\actions\mapHints.js
FN:1,(anonymous_0)
FN:2,(anonymous_1)
FN:5,(anonymous_2)
FN:6,(anonymous_3)
FN:15,(anonymous_4)
FN:24,(anonymous_5)
FNF:6
FNH:6
FNDA:1,(anonymous_0)
FNDA:6,(anonymous_1)
FNDA:6,(anonymous_2)
FNDA:36,(anonymous_3)
FNDA:6,(anonymous_4)
FNDA:6,(anonymous_5)
DA:1,3
DA:2,6
DA:3,1
DA:5,1
DA:6,6
DA:7,36
DA:8,6
DA:10,36
DA:12,6
DA:15,1
DA:16,6
DA:17,4
DA:22,2
DA:24,6
LF:14
LH:14
BRDA:7,0,0,6
BRDA:7,0,1,30
BRDA:16,1,0,4
BRDA:16,1,1,2
BRF:4
BRH:4
end_of_record
TN:
SF:src\logic\actions\mapMoves.js
FN:1,(anonymous_0)
FNF:1
FNH:1
FNDA:2,(anonymous_0)
DA:1,3
DA:2,2
DA:3,1
DA:9,1
DA:10,1
LF:5
LH:5
BRDA:2,0,0,1
BRDA:2,0,1,1
BRF:2
BRH:2
end_of_record
TN:
SF:src\logic\actions\moveClickedCards.js
FN:3,(anonymous_0)
FNF:1
FNH:1
FNDA:1,(anonymous_0)
DA:3,2
DA:4,1
DA:9,1
LF:3
LH:3
BRF:0
BRH:0
end_of_record
TN:
SF:src\logic\actions\removeCompletedDeck.js
FN:1,(anonymous_0)
FN:4,(anonymous_1)
FNF:2
FNH:2
FNDA:1,(anonymous_0)
FNDA:7,(anonymous_1)
DA:1,3
DA:2,1
DA:3,1
DA:4,7
DA:7,1
DA:8,1
DA:10,1
DA:11,1
DA:12,1
DA:15,1
DA:16,1
LF:11
LH:11
BRDA:10,0,0,1
BRDA:10,0,1,0
BRF:2
BRH:1
end_of_record
TN:
SF:src\logic\actions\removeDraggedCardsFromDeck.js
FN:3,(anonymous_0)
FNF:1
FNH:1
FNDA:2,(anonymous_0)
DA:3,3
DA:5,2
DA:7,2
DA:8,2
DA:9,2
DA:11,2
DA:12,2
DA:13,0
DA:15,2
DA:16,2
DA:17,2
DA:19,2
DA:20,2
LF:13
LH:12
BRDA:11,0,0,2
BRDA:11,0,1,0
BRDA:12,1,0,0
BRDA:12,1,1,2
BRF:4
BRH:2
end_of_record
TN:
SF:src\logic\actions\removeSpareDeck.js
FN:1,(anonymous_0)
FN:2,(anonymous_1)
FNF:2
FNH:2
FNDA:2,(anonymous_0)
FNDA:4,(anonymous_1)
DA:1,3
DA:2,2
DA:3,4
DA:5,2
LF:4
LH:4
BRF:0
BRH:0
end_of_record
TN:
SF:src\logic\actions\undoMove.js
FN:3,(anonymous_0)
FNF:1
FNH:1
FNDA:1,(anonymous_0)
DA:3,2
DA:4,1
DA:5,1
DA:6,1
DA:8,1
DA:9,1
DA:10,1
DA:11,1
DA:12,1
DA:14,1
DA:17,1
DA:23,1
DA:24,1
DA:26,1
LF:14
LH:14
BRDA:8,0,0,1
BRDA:8,0,1,0
BRDA:9,1,0,1
BRDA:9,1,1,0
BRF:4
BRH:2
end_of_record
TN:
SF:src\utils\helpers.js
FN:5,(anonymous_0)
FN:17,(anonymous_1)
FN:20,(anonymous_2)
FN:27,(anonymous_3)
FN:37,(anonymous_4)
FN:38,(anonymous_5)
FN:39,(anonymous_6)
FN:52,(anonymous_7)
FN:53,(anonymous_8)
FN:55,(anonymous_9)
FN:64,(anonymous_10)
FN:79,(anonymous_11)
FN:81,(anonymous_12)
FN:83,(anonymous_13)
FN:88,(anonymous_14)
FNF:15
FNH:15
FNDA:2,(anonymous_0)
FNDA:2,(anonymous_1)
FNDA:8,(anonymous_2)
FNDA:2,(anonymous_3)
FNDA:4,(anonymous_4)
FNDA:30,(anonymous_5)
FNDA:208,(anonymous_6)
FNDA:8,(anonymous_7)
FNDA:13,(anonymous_8)
FNDA:25,(anonymous_9)
FNDA:2,(anonymous_10)
FNDA:4,(anonymous_11)
FNDA:10,(anonymous_12)
FNDA:17,(anonymous_13)
FNDA:3,(anonymous_14)
DA:5,9
DA:6,2
DA:8,2
DA:9,2
DA:10,16
DA:12,2
DA:14,2
DA:17,9
DA:18,2
DA:20,2
DA:21,8
DA:24,2
DA:25,2
DA:27,9
DA:28,2
DA:29,2
DA:31,2
DA:32,2
DA:34,2
DA:37,9
DA:38,4
DA:39,30
DA:40,208
DA:41,208
DA:49,4
DA:52,9
DA:53,13
DA:54,8
DA:55,25
DA:57,8
DA:61,8
DA:64,9
DA:65,2
DA:68,2
DA:69,4
DA:70,3
DA:71,2
DA:74,2
DA:75,2
DA:76,2
DA:79,9
DA:80,4
DA:81,10
DA:82,4
DA:83,17
DA:85,4
DA:88,9
DA:89,3
DA:90,3
LF:49
LH:49
BRDA:40,0,0,208
BRDA:40,0,1,108
BRDA:69,1,0,1
BRDA:69,1,1,3
BRDA:70,2,0,2
BRDA:70,2,1,1
BRDA:90,3,0,3
BRDA:90,3,1,2
BRF:8
BRH:8
end_of_record
